2025-12-15 01:48:32,752 - modern_bot - ERROR - Update None caused error httpx.RemoteProtocolError: Server disconnected without sending a response.
Traceback (most recent call last):
  File "/Users/oleg/Project_SKLAD/bot_backup_2025-12-03111/.venv/lib/python3.11/site-packages/httpx/_transports/default.py", line 101, in map_httpcore_exceptions
    yield
  File "/Users/oleg/Project_SKLAD/bot_backup_2025-12-03111/.venv/lib/python3.11/site-packages/httpx/_transports/default.py", line 394, in handle_async_request
    resp = await self._pool.handle_async_request(req)
           ^^^^^^^^^^^^^^^^^^^^^^^^^^^^^^^^^^^^^^^^^^
  File "/Users/oleg/Project_SKLAD/bot_backup_2025-12-03111/.venv/lib/python3.11/site-packages/httpcore/_async/connection_pool.py", line 256, in handle_async_request
    raise exc from None
  File "/Users/oleg/Project_SKLAD/bot_backup_2025-12-03111/.venv/lib/python3.11/site-packages/httpcore/_async/connection_pool.py", line 236, in handle_async_request
    response = await connection.handle_async_request(
               ^^^^^^^^^^^^^^^^^^^^^^^^^^^^^^^^^^^^^^
  File "/Users/oleg/Project_SKLAD/bot_backup_2025-12-03111/.venv/lib/python3.11/site-packages/httpcore/_async/connection.py", line 103, in handle_async_request
    return await self._connection.handle_async_request(request)
           ^^^^^^^^^^^^^^^^^^^^^^^^^^^^^^^^^^^^^^^^^^^^^^^^^^^^
  File "/Users/oleg/Project_SKLAD/bot_backup_2025-12-03111/.venv/lib/python3.11/site-packages/httpcore/_async/http11.py", line 136, in handle_async_request
    raise exc
  File "/Users/oleg/Project_SKLAD/bot_backup_2025-12-03111/.venv/lib/python3.11/site-packages/httpcore/_async/http11.py", line 106, in handle_async_request
    ) = await self._receive_response_headers(**kwargs)
        ^^^^^^^^^^^^^^^^^^^^^^^^^^^^^^^^^^^^^^^^^^^^^^
  File "/Users/oleg/Project_SKLAD/bot_backup_2025-12-03111/.venv/lib/python3.11/site-packages/httpcore/_async/http11.py", line 177, in _receive_response_headers
    event = await self._receive_event(timeout=timeout)
            ^^^^^^^^^^^^^^^^^^^^^^^^^^^^^^^^^^^^^^^^^^
  File "/Users/oleg/Project_SKLAD/bot_backup_2025-12-03111/.venv/lib/python3.11/site-packages/httpcore/_async/http11.py", line 231, in _receive_event
    raise RemoteProtocolError(msg)
httpcore.RemoteProtocolError: Server disconnected without sending a response.

The above exception was the direct cause of the following exception:

Traceback (most recent call last):
  File "/Users/oleg/Project_SKLAD/bot_backup_2025-12-03111/.venv/lib/python3.11/site-packages/telegram/request/_httpxrequest.py", line 279, in do_request
    res = await self._client.request(
          ^^^^^^^^^^^^^^^^^^^^^^^^^^^
  File "/Users/oleg/Project_SKLAD/bot_backup_2025-12-03111/.venv/lib/python3.11/site-packages/httpx/_client.py", line 1540, in request
    return await self.send(request, auth=auth, follow_redirects=follow_redirects)
           ^^^^^^^^^^^^^^^^^^^^^^^^^^^^^^^^^^^^^^^^^^^^^^^^^^^^^^^^^^^^^^^^^^^^^^
  File "/Users/oleg/Project_SKLAD/bot_backup_2025-12-03111/.venv/lib/python3.11/site-packages/httpx/_client.py", line 1629, in send
    response = await self._send_handling_auth(
               ^^^^^^^^^^^^^^^^^^^^^^^^^^^^^^^
  File "/Users/oleg/Project_SKLAD/bot_backup_2025-12-03111/.venv/lib/python3.11/site-packages/httpx/_client.py", line 1657, in _send_handling_auth
    response = await self._send_handling_redirects(
               ^^^^^^^^^^^^^^^^^^^^^^^^^^^^^^^^^^^^
  File "/Users/oleg/Project_SKLAD/bot_backup_2025-12-03111/.venv/lib/python3.11/site-packages/httpx/_client.py", line 1694, in _send_handling_redirects
    response = await self._send_single_request(request)
               ^^^^^^^^^^^^^^^^^^^^^^^^^^^^^^^^^^^^^^^^
  File "/Users/oleg/Project_SKLAD/bot_backup_2025-12-03111/.venv/lib/python3.11/site-packages/httpx/_client.py", line 1730, in _send_single_request
    response = await transport.handle_async_request(request)
               ^^^^^^^^^^^^^^^^^^^^^^^^^^^^^^^^^^^^^^^^^^^^^
  File "/Users/oleg/Project_SKLAD/bot_backup_2025-12-03111/.venv/lib/python3.11/site-packages/httpx/_transports/default.py", line 393, in handle_async_request
    with map_httpcore_exceptions():
  File "/opt/homebrew/Cellar/python@3.11/3.11.11/Frameworks/Python.framework/Versions/3.11/lib/python3.11/contextlib.py", line 158, in __exit__
    self.gen.throw(typ, value, traceback)
  File "/Users/oleg/Project_SKLAD/bot_backup_2025-12-03111/.venv/lib/python3.11/site-packages/httpx/_transports/default.py", line 118, in map_httpcore_exceptions
    raise mapped_exc(message) from exc
httpx.RemoteProtocolError: Server disconnected without sending a response.

The above exception was the direct cause of the following exception:

Traceback (most recent call last):
  File "/Users/oleg/Project_SKLAD/bot_backup_2025-12-03111/.venv/lib/python3.11/site-packages/telegram/ext/_utils/networkloop.py", line 134, in network_retry_loop
    await do_action()
  File "/Users/oleg/Project_SKLAD/bot_backup_2025-12-03111/.venv/lib/python3.11/site-packages/telegram/ext/_utils/networkloop.py", line 127, in do_action
    action_cb_task.result()
  File "/Users/oleg/Project_SKLAD/bot_backup_2025-12-03111/.venv/lib/python3.11/site-packages/telegram/ext/_updater.py", line 340, in polling_action_cb
    updates = await self.bot.get_updates(
              ^^^^^^^^^^^^^^^^^^^^^^^^^^^
  File "/Users/oleg/Project_SKLAD/bot_backup_2025-12-03111/.venv/lib/python3.11/site-packages/telegram/ext/_extbot.py", line 676, in get_updates
    updates = await super().get_updates(
              ^^^^^^^^^^^^^^^^^^^^^^^^^^
  File "/Users/oleg/Project_SKLAD/bot_backup_2025-12-03111/.venv/lib/python3.11/site-packages/telegram/_bot.py", line 4780, in get_updates
    await self._post(
  File "/Users/oleg/Project_SKLAD/bot_backup_2025-12-03111/.venv/lib/python3.11/site-packages/telegram/_bot.py", line 703, in _post
    return await self._do_post(
           ^^^^^^^^^^^^^^^^^^^^
  File "/Users/oleg/Project_SKLAD/bot_backup_2025-12-03111/.venv/lib/python3.11/site-packages/telegram/ext/_extbot.py", line 372, in _do_post
    return await super()._do_post(
           ^^^^^^^^^^^^^^^^^^^^^^^
  File "/Users/oleg/Project_SKLAD/bot_backup_2025-12-03111/.venv/lib/python3.11/site-packages/telegram/_bot.py", line 732, in _do_post
    result = await request.post(
             ^^^^^^^^^^^^^^^^^^^
  File "/Users/oleg/Project_SKLAD/bot_backup_2025-12-03111/.venv/lib/python3.11/site-packages/telegram/request/_baserequest.py", line 198, in post
    result = await self._request_wrapper(
             ^^^^^^^^^^^^^^^^^^^^^^^^^^^^
  File "/Users/oleg/Project_SKLAD/bot_backup_2025-12-03111/.venv/lib/python3.11/site-packages/telegram/request/_baserequest.py", line 305, in _request_wrapper
    code, payload = await self.do_request(
                    ^^^^^^^^^^^^^^^^^^^^^^
  File "/Users/oleg/Project_SKLAD/bot_backup_2025-12-03111/.venv/lib/python3.11/site-packages/telegram/request/_httpxrequest.py", line 303, in do_request
    raise NetworkError(f"httpx.{err.__class__.__name__}: {err}") from err
telegram.error.NetworkError: httpx.RemoteProtocolError: Server disconnected without sending a response.
2025-12-15 03:10:46,281 - modern_bot - ERROR - Update None caused error httpx.RemoteProtocolError: Server disconnected without sending a response.
Traceback (most recent call last):
  File "/Users/oleg/Project_SKLAD/bot_backup_2025-12-03111/.venv/lib/python3.11/site-packages/httpx/_transports/default.py", line 101, in map_httpcore_exceptions
    yield
  File "/Users/oleg/Project_SKLAD/bot_backup_2025-12-03111/.venv/lib/python3.11/site-packages/httpx/_transports/default.py", line 394, in handle_async_request
    resp = await self._pool.handle_async_request(req)
           ^^^^^^^^^^^^^^^^^^^^^^^^^^^^^^^^^^^^^^^^^^
  File "/Users/oleg/Project_SKLAD/bot_backup_2025-12-03111/.venv/lib/python3.11/site-packages/httpcore/_async/connection_pool.py", line 256, in handle_async_request
    raise exc from None
  File "/Users/oleg/Project_SKLAD/bot_backup_2025-12-03111/.venv/lib/python3.11/site-packages/httpcore/_async/connection_pool.py", line 236, in handle_async_request
    response = await connection.handle_async_request(
               ^^^^^^^^^^^^^^^^^^^^^^^^^^^^^^^^^^^^^^
  File "/Users/oleg/Project_SKLAD/bot_backup_2025-12-03111/.venv/lib/python3.11/site-packages/httpcore/_async/connection.py", line 103, in handle_async_request
    return await self._connection.handle_async_request(request)
           ^^^^^^^^^^^^^^^^^^^^^^^^^^^^^^^^^^^^^^^^^^^^^^^^^^^^
  File "/Users/oleg/Project_SKLAD/bot_backup_2025-12-03111/.venv/lib/python3.11/site-packages/httpcore/_async/http11.py", line 136, in handle_async_request
    raise exc
  File "/Users/oleg/Project_SKLAD/bot_backup_2025-12-03111/.venv/lib/python3.11/site-packages/httpcore/_async/http11.py", line 106, in handle_async_request
    ) = await self._receive_response_headers(**kwargs)
        ^^^^^^^^^^^^^^^^^^^^^^^^^^^^^^^^^^^^^^^^^^^^^^
  File "/Users/oleg/Project_SKLAD/bot_backup_2025-12-03111/.venv/lib/python3.11/site-packages/httpcore/_async/http11.py", line 177, in _receive_response_headers
    event = await self._receive_event(timeout=timeout)
            ^^^^^^^^^^^^^^^^^^^^^^^^^^^^^^^^^^^^^^^^^^
  File "/Users/oleg/Project_SKLAD/bot_backup_2025-12-03111/.venv/lib/python3.11/site-packages/httpcore/_async/http11.py", line 231, in _receive_event
    raise RemoteProtocolError(msg)
httpcore.RemoteProtocolError: Server disconnected without sending a response.

The above exception was the direct cause of the following exception:

Traceback (most recent call last):
  File "/Users/oleg/Project_SKLAD/bot_backup_2025-12-03111/.venv/lib/python3.11/site-packages/telegram/request/_httpxrequest.py", line 279, in do_request
    res = await self._client.request(
          ^^^^^^^^^^^^^^^^^^^^^^^^^^^
  File "/Users/oleg/Project_SKLAD/bot_backup_2025-12-03111/.venv/lib/python3.11/site-packages/httpx/_client.py", line 1540, in request
    return await self.send(request, auth=auth, follow_redirects=follow_redirects)
           ^^^^^^^^^^^^^^^^^^^^^^^^^^^^^^^^^^^^^^^^^^^^^^^^^^^^^^^^^^^^^^^^^^^^^^
  File "/Users/oleg/Project_SKLAD/bot_backup_2025-12-03111/.venv/lib/python3.11/site-packages/httpx/_client.py", line 1629, in send
    response = await self._send_handling_auth(
               ^^^^^^^^^^^^^^^^^^^^^^^^^^^^^^^
  File "/Users/oleg/Project_SKLAD/bot_backup_2025-12-03111/.venv/lib/python3.11/site-packages/httpx/_client.py", line 1657, in _send_handling_auth
    response = await self._send_handling_redirects(
               ^^^^^^^^^^^^^^^^^^^^^^^^^^^^^^^^^^^^
  File "/Users/oleg/Project_SKLAD/bot_backup_2025-12-03111/.venv/lib/python3.11/site-packages/httpx/_client.py", line 1694, in _send_handling_redirects
    response = await self._send_single_request(request)
               ^^^^^^^^^^^^^^^^^^^^^^^^^^^^^^^^^^^^^^^^
  File "/Users/oleg/Project_SKLAD/bot_backup_2025-12-03111/.venv/lib/python3.11/site-packages/httpx/_client.py", line 1730, in _send_single_request
    response = await transport.handle_async_request(request)
               ^^^^^^^^^^^^^^^^^^^^^^^^^^^^^^^^^^^^^^^^^^^^^
  File "/Users/oleg/Project_SKLAD/bot_backup_2025-12-03111/.venv/lib/python3.11/site-packages/httpx/_transports/default.py", line 393, in handle_async_request
    with map_httpcore_exceptions():
  File "/opt/homebrew/Cellar/python@3.11/3.11.11/Frameworks/Python.framework/Versions/3.11/lib/python3.11/contextlib.py", line 158, in __exit__
    self.gen.throw(typ, value, traceback)
  File "/Users/oleg/Project_SKLAD/bot_backup_2025-12-03111/.venv/lib/python3.11/site-packages/httpx/_transports/default.py", line 118, in map_httpcore_exceptions
    raise mapped_exc(message) from exc
httpx.RemoteProtocolError: Server disconnected without sending a response.

The above exception was the direct cause of the following exception:

Traceback (most recent call last):
  File "/Users/oleg/Project_SKLAD/bot_backup_2025-12-03111/.venv/lib/python3.11/site-packages/telegram/ext/_utils/networkloop.py", line 134, in network_retry_loop
    await do_action()
  File "/Users/oleg/Project_SKLAD/bot_backup_2025-12-03111/.venv/lib/python3.11/site-packages/telegram/ext/_utils/networkloop.py", line 127, in do_action
    action_cb_task.result()
  File "/Users/oleg/Project_SKLAD/bot_backup_2025-12-03111/.venv/lib/python3.11/site-packages/telegram/ext/_updater.py", line 340, in polling_action_cb
    updates = await self.bot.get_updates(
              ^^^^^^^^^^^^^^^^^^^^^^^^^^^
  File "/Users/oleg/Project_SKLAD/bot_backup_2025-12-03111/.venv/lib/python3.11/site-packages/telegram/ext/_extbot.py", line 676, in get_updates
    updates = await super().get_updates(
              ^^^^^^^^^^^^^^^^^^^^^^^^^^
  File "/Users/oleg/Project_SKLAD/bot_backup_2025-12-03111/.venv/lib/python3.11/site-packages/telegram/_bot.py", line 4780, in get_updates
    await self._post(
  File "/Users/oleg/Project_SKLAD/bot_backup_2025-12-03111/.venv/lib/python3.11/site-packages/telegram/_bot.py", line 703, in _post
    return await self._do_post(
           ^^^^^^^^^^^^^^^^^^^^
  File "/Users/oleg/Project_SKLAD/bot_backup_2025-12-03111/.venv/lib/python3.11/site-packages/telegram/ext/_extbot.py", line 372, in _do_post
    return await super()._do_post(
           ^^^^^^^^^^^^^^^^^^^^^^^
  File "/Users/oleg/Project_SKLAD/bot_backup_2025-12-03111/.venv/lib/python3.11/site-packages/telegram/_bot.py", line 732, in _do_post
    result = await request.post(
             ^^^^^^^^^^^^^^^^^^^
  File "/Users/oleg/Project_SKLAD/bot_backup_2025-12-03111/.venv/lib/python3.11/site-packages/telegram/request/_baserequest.py", line 198, in post
    result = await self._request_wrapper(
             ^^^^^^^^^^^^^^^^^^^^^^^^^^^^
  File "/Users/oleg/Project_SKLAD/bot_backup_2025-12-03111/.venv/lib/python3.11/site-packages/telegram/request/_baserequest.py", line 305, in _request_wrapper
    code, payload = await self.do_request(
                    ^^^^^^^^^^^^^^^^^^^^^^
  File "/Users/oleg/Project_SKLAD/bot_backup_2025-12-03111/.venv/lib/python3.11/site-packages/telegram/request/_httpxrequest.py", line 303, in do_request
    raise NetworkError(f"httpx.{err.__class__.__name__}: {err}") from err
telegram.error.NetworkError: httpx.RemoteProtocolError: Server disconnected without sending a response.
2025-12-15 05:34:47,548 - modern_bot - ERROR - Update None caused error httpx.ConnectError: [Errno 8] nodename nor servname provided, or not known
Traceback (most recent call last):
  File "/Users/oleg/Project_SKLAD/bot_backup_2025-12-03111/.venv/lib/python3.11/site-packages/httpx/_transports/default.py", line 101, in map_httpcore_exceptions
    yield
  File "/Users/oleg/Project_SKLAD/bot_backup_2025-12-03111/.venv/lib/python3.11/site-packages/httpx/_transports/default.py", line 394, in handle_async_request
    resp = await self._pool.handle_async_request(req)
           ^^^^^^^^^^^^^^^^^^^^^^^^^^^^^^^^^^^^^^^^^^
  File "/Users/oleg/Project_SKLAD/bot_backup_2025-12-03111/.venv/lib/python3.11/site-packages/httpcore/_async/connection_pool.py", line 256, in handle_async_request
    raise exc from None
  File "/Users/oleg/Project_SKLAD/bot_backup_2025-12-03111/.venv/lib/python3.11/site-packages/httpcore/_async/connection_pool.py", line 236, in handle_async_request
    response = await connection.handle_async_request(
               ^^^^^^^^^^^^^^^^^^^^^^^^^^^^^^^^^^^^^^
  File "/Users/oleg/Project_SKLAD/bot_backup_2025-12-03111/.venv/lib/python3.11/site-packages/httpcore/_async/connection.py", line 101, in handle_async_request
    raise exc
  File "/Users/oleg/Project_SKLAD/bot_backup_2025-12-03111/.venv/lib/python3.11/site-packages/httpcore/_async/connection.py", line 78, in handle_async_request
    stream = await self._connect(request)
             ^^^^^^^^^^^^^^^^^^^^^^^^^^^^
  File "/Users/oleg/Project_SKLAD/bot_backup_2025-12-03111/.venv/lib/python3.11/site-packages/httpcore/_async/connection.py", line 124, in _connect
    stream = await self._network_backend.connect_tcp(**kwargs)
             ^^^^^^^^^^^^^^^^^^^^^^^^^^^^^^^^^^^^^^^^^^^^^^^^^
  File "/Users/oleg/Project_SKLAD/bot_backup_2025-12-03111/.venv/lib/python3.11/site-packages/httpcore/_backends/auto.py", line 31, in connect_tcp
    return await self._backend.connect_tcp(
           ^^^^^^^^^^^^^^^^^^^^^^^^^^^^^^^^
  File "/Users/oleg/Project_SKLAD/bot_backup_2025-12-03111/.venv/lib/python3.11/site-packages/httpcore/_backends/anyio.py", line 113, in connect_tcp
    with map_exceptions(exc_map):
  File "/opt/homebrew/Cellar/python@3.11/3.11.11/Frameworks/Python.framework/Versions/3.11/lib/python3.11/contextlib.py", line 158, in __exit__
    self.gen.throw(typ, value, traceback)
  File "/Users/oleg/Project_SKLAD/bot_backup_2025-12-03111/.venv/lib/python3.11/site-packages/httpcore/_exceptions.py", line 14, in map_exceptions
    raise to_exc(exc) from exc
httpcore.ConnectError: [Errno 8] nodename nor servname provided, or not known

The above exception was the direct cause of the following exception:

Traceback (most recent call last):
  File "/Users/oleg/Project_SKLAD/bot_backup_2025-12-03111/.venv/lib/python3.11/site-packages/telegram/request/_httpxrequest.py", line 279, in do_request
    res = await self._client.request(
          ^^^^^^^^^^^^^^^^^^^^^^^^^^^
  File "/Users/oleg/Project_SKLAD/bot_backup_2025-12-03111/.venv/lib/python3.11/site-packages/httpx/_client.py", line 1540, in request
    return await self.send(request, auth=auth, follow_redirects=follow_redirects)
           ^^^^^^^^^^^^^^^^^^^^^^^^^^^^^^^^^^^^^^^^^^^^^^^^^^^^^^^^^^^^^^^^^^^^^^
  File "/Users/oleg/Project_SKLAD/bot_backup_2025-12-03111/.venv/lib/python3.11/site-packages/httpx/_client.py", line 1629, in send
    response = await self._send_handling_auth(
               ^^^^^^^^^^^^^^^^^^^^^^^^^^^^^^^
  File "/Users/oleg/Project_SKLAD/bot_backup_2025-12-03111/.venv/lib/python3.11/site-packages/httpx/_client.py", line 1657, in _send_handling_auth
    response = await self._send_handling_redirects(
               ^^^^^^^^^^^^^^^^^^^^^^^^^^^^^^^^^^^^
  File "/Users/oleg/Project_SKLAD/bot_backup_2025-12-03111/.venv/lib/python3.11/site-packages/httpx/_client.py", line 1694, in _send_handling_redirects
    response = await self._send_single_request(request)
               ^^^^^^^^^^^^^^^^^^^^^^^^^^^^^^^^^^^^^^^^
  File "/Users/oleg/Project_SKLAD/bot_backup_2025-12-03111/.venv/lib/python3.11/site-packages/httpx/_client.py", line 1730, in _send_single_request
    response = await transport.handle_async_request(request)
               ^^^^^^^^^^^^^^^^^^^^^^^^^^^^^^^^^^^^^^^^^^^^^
  File "/Users/oleg/Project_SKLAD/bot_backup_2025-12-03111/.venv/lib/python3.11/site-packages/httpx/_transports/default.py", line 393, in handle_async_request
    with map_httpcore_exceptions():
  File "/opt/homebrew/Cellar/python@3.11/3.11.11/Frameworks/Python.framework/Versions/3.11/lib/python3.11/contextlib.py", line 158, in __exit__
    self.gen.throw(typ, value, traceback)
  File "/Users/oleg/Project_SKLAD/bot_backup_2025-12-03111/.venv/lib/python3.11/site-packages/httpx/_transports/default.py", line 118, in map_httpcore_exceptions
    raise mapped_exc(message) from exc
httpx.ConnectError: [Errno 8] nodename nor servname provided, or not known

The above exception was the direct cause of the following exception:

Traceback (most recent call last):
  File "/Users/oleg/Project_SKLAD/bot_backup_2025-12-03111/.venv/lib/python3.11/site-packages/telegram/ext/_utils/networkloop.py", line 134, in network_retry_loop
    await do_action()
  File "/Users/oleg/Project_SKLAD/bot_backup_2025-12-03111/.venv/lib/python3.11/site-packages/telegram/ext/_utils/networkloop.py", line 127, in do_action
    action_cb_task.result()
  File "/Users/oleg/Project_SKLAD/bot_backup_2025-12-03111/.venv/lib/python3.11/site-packages/telegram/ext/_updater.py", line 340, in polling_action_cb
    updates = await self.bot.get_updates(
              ^^^^^^^^^^^^^^^^^^^^^^^^^^^
  File "/Users/oleg/Project_SKLAD/bot_backup_2025-12-03111/.venv/lib/python3.11/site-packages/telegram/ext/_extbot.py", line 676, in get_updates
    updates = await super().get_updates(
              ^^^^^^^^^^^^^^^^^^^^^^^^^^
  File "/Users/oleg/Project_SKLAD/bot_backup_2025-12-03111/.venv/lib/python3.11/site-packages/telegram/_bot.py", line 4780, in get_updates
    await self._post(
  File "/Users/oleg/Project_SKLAD/bot_backup_2025-12-03111/.venv/lib/python3.11/site-packages/telegram/_bot.py", line 703, in _post
    return await self._do_post(
           ^^^^^^^^^^^^^^^^^^^^
  File "/Users/oleg/Project_SKLAD/bot_backup_2025-12-03111/.venv/lib/python3.11/site-packages/telegram/ext/_extbot.py", line 372, in _do_post
    return await super()._do_post(
           ^^^^^^^^^^^^^^^^^^^^^^^
  File "/Users/oleg/Project_SKLAD/bot_backup_2025-12-03111/.venv/lib/python3.11/site-packages/telegram/_bot.py", line 732, in _do_post
    result = await request.post(
             ^^^^^^^^^^^^^^^^^^^
  File "/Users/oleg/Project_SKLAD/bot_backup_2025-12-03111/.venv/lib/python3.11/site-packages/telegram/request/_baserequest.py", line 198, in post
    result = await self._request_wrapper(
             ^^^^^^^^^^^^^^^^^^^^^^^^^^^^
  File "/Users/oleg/Project_SKLAD/bot_backup_2025-12-03111/.venv/lib/python3.11/site-packages/telegram/request/_baserequest.py", line 305, in _request_wrapper
    code, payload = await self.do_request(
                    ^^^^^^^^^^^^^^^^^^^^^^
  File "/Users/oleg/Project_SKLAD/bot_backup_2025-12-03111/.venv/lib/python3.11/site-packages/telegram/request/_httpxrequest.py", line 303, in do_request
    raise NetworkError(f"httpx.{err.__class__.__name__}: {err}") from err
telegram.error.NetworkError: httpx.ConnectError: [Errno 8] nodename nor servname provided, or not known
2025-12-15 08:20:36,563 - modern_bot - ERROR - Update None caused error httpx.ConnectError: [Errno 8] nodename nor servname provided, or not known
Traceback (most recent call last):
  File "/Users/oleg/Project_SKLAD/bot_backup_2025-12-03111/.venv/lib/python3.11/site-packages/httpx/_transports/default.py", line 101, in map_httpcore_exceptions
    yield
  File "/Users/oleg/Project_SKLAD/bot_backup_2025-12-03111/.venv/lib/python3.11/site-packages/httpx/_transports/default.py", line 394, in handle_async_request
    resp = await self._pool.handle_async_request(req)
           ^^^^^^^^^^^^^^^^^^^^^^^^^^^^^^^^^^^^^^^^^^
  File "/Users/oleg/Project_SKLAD/bot_backup_2025-12-03111/.venv/lib/python3.11/site-packages/httpcore/_async/connection_pool.py", line 256, in handle_async_request
    raise exc from None
  File "/Users/oleg/Project_SKLAD/bot_backup_2025-12-03111/.venv/lib/python3.11/site-packages/httpcore/_async/connection_pool.py", line 236, in handle_async_request
    response = await connection.handle_async_request(
               ^^^^^^^^^^^^^^^^^^^^^^^^^^^^^^^^^^^^^^
  File "/Users/oleg/Project_SKLAD/bot_backup_2025-12-03111/.venv/lib/python3.11/site-packages/httpcore/_async/connection.py", line 101, in handle_async_request
    raise exc
  File "/Users/oleg/Project_SKLAD/bot_backup_2025-12-03111/.venv/lib/python3.11/site-packages/httpcore/_async/connection.py", line 78, in handle_async_request
    stream = await self._connect(request)
             ^^^^^^^^^^^^^^^^^^^^^^^^^^^^
  File "/Users/oleg/Project_SKLAD/bot_backup_2025-12-03111/.venv/lib/python3.11/site-packages/httpcore/_async/connection.py", line 124, in _connect
    stream = await self._network_backend.connect_tcp(**kwargs)
             ^^^^^^^^^^^^^^^^^^^^^^^^^^^^^^^^^^^^^^^^^^^^^^^^^
  File "/Users/oleg/Project_SKLAD/bot_backup_2025-12-03111/.venv/lib/python3.11/site-packages/httpcore/_backends/auto.py", line 31, in connect_tcp
    return await self._backend.connect_tcp(
           ^^^^^^^^^^^^^^^^^^^^^^^^^^^^^^^^
  File "/Users/oleg/Project_SKLAD/bot_backup_2025-12-03111/.venv/lib/python3.11/site-packages/httpcore/_backends/anyio.py", line 113, in connect_tcp
    with map_exceptions(exc_map):
  File "/opt/homebrew/Cellar/python@3.11/3.11.11/Frameworks/Python.framework/Versions/3.11/lib/python3.11/contextlib.py", line 158, in __exit__
    self.gen.throw(typ, value, traceback)
  File "/Users/oleg/Project_SKLAD/bot_backup_2025-12-03111/.venv/lib/python3.11/site-packages/httpcore/_exceptions.py", line 14, in map_exceptions
    raise to_exc(exc) from exc
httpcore.ConnectError: [Errno 8] nodename nor servname provided, or not known

The above exception was the direct cause of the following exception:

Traceback (most recent call last):
  File "/Users/oleg/Project_SKLAD/bot_backup_2025-12-03111/.venv/lib/python3.11/site-packages/telegram/request/_httpxrequest.py", line 279, in do_request
    res = await self._client.request(
          ^^^^^^^^^^^^^^^^^^^^^^^^^^^
  File "/Users/oleg/Project_SKLAD/bot_backup_2025-12-03111/.venv/lib/python3.11/site-packages/httpx/_client.py", line 1540, in request
    return await self.send(request, auth=auth, follow_redirects=follow_redirects)
           ^^^^^^^^^^^^^^^^^^^^^^^^^^^^^^^^^^^^^^^^^^^^^^^^^^^^^^^^^^^^^^^^^^^^^^
  File "/Users/oleg/Project_SKLAD/bot_backup_2025-12-03111/.venv/lib/python3.11/site-packages/httpx/_client.py", line 1629, in send
    response = await self._send_handling_auth(
               ^^^^^^^^^^^^^^^^^^^^^^^^^^^^^^^
  File "/Users/oleg/Project_SKLAD/bot_backup_2025-12-03111/.venv/lib/python3.11/site-packages/httpx/_client.py", line 1657, in _send_handling_auth
    response = await self._send_handling_redirects(
               ^^^^^^^^^^^^^^^^^^^^^^^^^^^^^^^^^^^^
  File "/Users/oleg/Project_SKLAD/bot_backup_2025-12-03111/.venv/lib/python3.11/site-packages/httpx/_client.py", line 1694, in _send_handling_redirects
    response = await self._send_single_request(request)
               ^^^^^^^^^^^^^^^^^^^^^^^^^^^^^^^^^^^^^^^^
  File "/Users/oleg/Project_SKLAD/bot_backup_2025-12-03111/.venv/lib/python3.11/site-packages/httpx/_client.py", line 1730, in _send_single_request
    response = await transport.handle_async_request(request)
               ^^^^^^^^^^^^^^^^^^^^^^^^^^^^^^^^^^^^^^^^^^^^^
  File "/Users/oleg/Project_SKLAD/bot_backup_2025-12-03111/.venv/lib/python3.11/site-packages/httpx/_transports/default.py", line 393, in handle_async_request
    with map_httpcore_exceptions():
  File "/opt/homebrew/Cellar/python@3.11/3.11.11/Frameworks/Python.framework/Versions/3.11/lib/python3.11/contextlib.py", line 158, in __exit__
    self.gen.throw(typ, value, traceback)
  File "/Users/oleg/Project_SKLAD/bot_backup_2025-12-03111/.venv/lib/python3.11/site-packages/httpx/_transports/default.py", line 118, in map_httpcore_exceptions
    raise mapped_exc(message) from exc
httpx.ConnectError: [Errno 8] nodename nor servname provided, or not known

The above exception was the direct cause of the following exception:

Traceback (most recent call last):
  File "/Users/oleg/Project_SKLAD/bot_backup_2025-12-03111/.venv/lib/python3.11/site-packages/telegram/ext/_utils/networkloop.py", line 134, in network_retry_loop
    await do_action()
  File "/Users/oleg/Project_SKLAD/bot_backup_2025-12-03111/.venv/lib/python3.11/site-packages/telegram/ext/_utils/networkloop.py", line 127, in do_action
    action_cb_task.result()
  File "/Users/oleg/Project_SKLAD/bot_backup_2025-12-03111/.venv/lib/python3.11/site-packages/telegram/ext/_updater.py", line 340, in polling_action_cb
    updates = await self.bot.get_updates(
              ^^^^^^^^^^^^^^^^^^^^^^^^^^^
  File "/Users/oleg/Project_SKLAD/bot_backup_2025-12-03111/.venv/lib/python3.11/site-packages/telegram/ext/_extbot.py", line 676, in get_updates
    updates = await super().get_updates(
              ^^^^^^^^^^^^^^^^^^^^^^^^^^
  File "/Users/oleg/Project_SKLAD/bot_backup_2025-12-03111/.venv/lib/python3.11/site-packages/telegram/_bot.py", line 4780, in get_updates
    await self._post(
  File "/Users/oleg/Project_SKLAD/bot_backup_2025-12-03111/.venv/lib/python3.11/site-packages/telegram/_bot.py", line 703, in _post
    return await self._do_post(
           ^^^^^^^^^^^^^^^^^^^^
  File "/Users/oleg/Project_SKLAD/bot_backup_2025-12-03111/.venv/lib/python3.11/site-packages/telegram/ext/_extbot.py", line 372, in _do_post
    return await super()._do_post(
           ^^^^^^^^^^^^^^^^^^^^^^^
  File "/Users/oleg/Project_SKLAD/bot_backup_2025-12-03111/.venv/lib/python3.11/site-packages/telegram/_bot.py", line 732, in _do_post
    result = await request.post(
             ^^^^^^^^^^^^^^^^^^^
  File "/Users/oleg/Project_SKLAD/bot_backup_2025-12-03111/.venv/lib/python3.11/site-packages/telegram/request/_baserequest.py", line 198, in post
    result = await self._request_wrapper(
             ^^^^^^^^^^^^^^^^^^^^^^^^^^^^
  File "/Users/oleg/Project_SKLAD/bot_backup_2025-12-03111/.venv/lib/python3.11/site-packages/telegram/request/_baserequest.py", line 305, in _request_wrapper
    code, payload = await self.do_request(
                    ^^^^^^^^^^^^^^^^^^^^^^
  File "/Users/oleg/Project_SKLAD/bot_backup_2025-12-03111/.venv/lib/python3.11/site-packages/telegram/request/_httpxrequest.py", line 303, in do_request
    raise NetworkError(f"httpx.{err.__class__.__name__}: {err}") from err
telegram.error.NetworkError: httpx.ConnectError: [Errno 8] nodename nor servname provided, or not known
2025-12-15 08:23:49,471 - modern_bot - ERROR - Update None caused error httpx.ConnectError: [Errno 8] nodename nor servname provided, or not known
Traceback (most recent call last):
  File "/Users/oleg/Project_SKLAD/bot_backup_2025-12-03111/.venv/lib/python3.11/site-packages/httpx/_transports/default.py", line 101, in map_httpcore_exceptions
    yield
  File "/Users/oleg/Project_SKLAD/bot_backup_2025-12-03111/.venv/lib/python3.11/site-packages/httpx/_transports/default.py", line 394, in handle_async_request
    resp = await self._pool.handle_async_request(req)
           ^^^^^^^^^^^^^^^^^^^^^^^^^^^^^^^^^^^^^^^^^^
  File "/Users/oleg/Project_SKLAD/bot_backup_2025-12-03111/.venv/lib/python3.11/site-packages/httpcore/_async/connection_pool.py", line 256, in handle_async_request
    raise exc from None
  File "/Users/oleg/Project_SKLAD/bot_backup_2025-12-03111/.venv/lib/python3.11/site-packages/httpcore/_async/connection_pool.py", line 236, in handle_async_request
    response = await connection.handle_async_request(
               ^^^^^^^^^^^^^^^^^^^^^^^^^^^^^^^^^^^^^^
  File "/Users/oleg/Project_SKLAD/bot_backup_2025-12-03111/.venv/lib/python3.11/site-packages/httpcore/_async/connection.py", line 101, in handle_async_request
    raise exc
  File "/Users/oleg/Project_SKLAD/bot_backup_2025-12-03111/.venv/lib/python3.11/site-packages/httpcore/_async/connection.py", line 78, in handle_async_request
    stream = await self._connect(request)
             ^^^^^^^^^^^^^^^^^^^^^^^^^^^^
  File "/Users/oleg/Project_SKLAD/bot_backup_2025-12-03111/.venv/lib/python3.11/site-packages/httpcore/_async/connection.py", line 124, in _connect
    stream = await self._network_backend.connect_tcp(**kwargs)
             ^^^^^^^^^^^^^^^^^^^^^^^^^^^^^^^^^^^^^^^^^^^^^^^^^
  File "/Users/oleg/Project_SKLAD/bot_backup_2025-12-03111/.venv/lib/python3.11/site-packages/httpcore/_backends/auto.py", line 31, in connect_tcp
    return await self._backend.connect_tcp(
           ^^^^^^^^^^^^^^^^^^^^^^^^^^^^^^^^
  File "/Users/oleg/Project_SKLAD/bot_backup_2025-12-03111/.venv/lib/python3.11/site-packages/httpcore/_backends/anyio.py", line 113, in connect_tcp
    with map_exceptions(exc_map):
  File "/opt/homebrew/Cellar/python@3.11/3.11.11/Frameworks/Python.framework/Versions/3.11/lib/python3.11/contextlib.py", line 158, in __exit__
    self.gen.throw(typ, value, traceback)
  File "/Users/oleg/Project_SKLAD/bot_backup_2025-12-03111/.venv/lib/python3.11/site-packages/httpcore/_exceptions.py", line 14, in map_exceptions
    raise to_exc(exc) from exc
httpcore.ConnectError: [Errno 8] nodename nor servname provided, or not known

The above exception was the direct cause of the following exception:

Traceback (most recent call last):
  File "/Users/oleg/Project_SKLAD/bot_backup_2025-12-03111/.venv/lib/python3.11/site-packages/telegram/request/_httpxrequest.py", line 279, in do_request
    res = await self._client.request(
          ^^^^^^^^^^^^^^^^^^^^^^^^^^^
  File "/Users/oleg/Project_SKLAD/bot_backup_2025-12-03111/.venv/lib/python3.11/site-packages/httpx/_client.py", line 1540, in request
    return await self.send(request, auth=auth, follow_redirects=follow_redirects)
           ^^^^^^^^^^^^^^^^^^^^^^^^^^^^^^^^^^^^^^^^^^^^^^^^^^^^^^^^^^^^^^^^^^^^^^
  File "/Users/oleg/Project_SKLAD/bot_backup_2025-12-03111/.venv/lib/python3.11/site-packages/httpx/_client.py", line 1629, in send
    response = await self._send_handling_auth(
               ^^^^^^^^^^^^^^^^^^^^^^^^^^^^^^^
  File "/Users/oleg/Project_SKLAD/bot_backup_2025-12-03111/.venv/lib/python3.11/site-packages/httpx/_client.py", line 1657, in _send_handling_auth
    response = await self._send_handling_redirects(
               ^^^^^^^^^^^^^^^^^^^^^^^^^^^^^^^^^^^^
  File "/Users/oleg/Project_SKLAD/bot_backup_2025-12-03111/.venv/lib/python3.11/site-packages/httpx/_client.py", line 1694, in _send_handling_redirects
    response = await self._send_single_request(request)
               ^^^^^^^^^^^^^^^^^^^^^^^^^^^^^^^^^^^^^^^^
  File "/Users/oleg/Project_SKLAD/bot_backup_2025-12-03111/.venv/lib/python3.11/site-packages/httpx/_client.py", line 1730, in _send_single_request
    response = await transport.handle_async_request(request)
               ^^^^^^^^^^^^^^^^^^^^^^^^^^^^^^^^^^^^^^^^^^^^^
  File "/Users/oleg/Project_SKLAD/bot_backup_2025-12-03111/.venv/lib/python3.11/site-packages/httpx/_transports/default.py", line 393, in handle_async_request
    with map_httpcore_exceptions():
  File "/opt/homebrew/Cellar/python@3.11/3.11.11/Frameworks/Python.framework/Versions/3.11/lib/python3.11/contextlib.py", line 158, in __exit__
    self.gen.throw(typ, value, traceback)
  File "/Users/oleg/Project_SKLAD/bot_backup_2025-12-03111/.venv/lib/python3.11/site-packages/httpx/_transports/default.py", line 118, in map_httpcore_exceptions
    raise mapped_exc(message) from exc
httpx.ConnectError: [Errno 8] nodename nor servname provided, or not known

The above exception was the direct cause of the following exception:

Traceback (most recent call last):
  File "/Users/oleg/Project_SKLAD/bot_backup_2025-12-03111/.venv/lib/python3.11/site-packages/telegram/ext/_utils/networkloop.py", line 134, in network_retry_loop
    await do_action()
  File "/Users/oleg/Project_SKLAD/bot_backup_2025-12-03111/.venv/lib/python3.11/site-packages/telegram/ext/_utils/networkloop.py", line 127, in do_action
    action_cb_task.result()
  File "/Users/oleg/Project_SKLAD/bot_backup_2025-12-03111/.venv/lib/python3.11/site-packages/telegram/ext/_updater.py", line 340, in polling_action_cb
    updates = await self.bot.get_updates(
              ^^^^^^^^^^^^^^^^^^^^^^^^^^^
  File "/Users/oleg/Project_SKLAD/bot_backup_2025-12-03111/.venv/lib/python3.11/site-packages/telegram/ext/_extbot.py", line 676, in get_updates
    updates = await super().get_updates(
              ^^^^^^^^^^^^^^^^^^^^^^^^^^
  File "/Users/oleg/Project_SKLAD/bot_backup_2025-12-03111/.venv/lib/python3.11/site-packages/telegram/_bot.py", line 4780, in get_updates
    await self._post(
  File "/Users/oleg/Project_SKLAD/bot_backup_2025-12-03111/.venv/lib/python3.11/site-packages/telegram/_bot.py", line 703, in _post
    return await self._do_post(
           ^^^^^^^^^^^^^^^^^^^^
  File "/Users/oleg/Project_SKLAD/bot_backup_2025-12-03111/.venv/lib/python3.11/site-packages/telegram/ext/_extbot.py", line 372, in _do_post
    return await super()._do_post(
           ^^^^^^^^^^^^^^^^^^^^^^^
  File "/Users/oleg/Project_SKLAD/bot_backup_2025-12-03111/.venv/lib/python3.11/site-packages/telegram/_bot.py", line 732, in _do_post
    result = await request.post(
             ^^^^^^^^^^^^^^^^^^^
  File "/Users/oleg/Project_SKLAD/bot_backup_2025-12-03111/.venv/lib/python3.11/site-packages/telegram/request/_baserequest.py", line 198, in post
    result = await self._request_wrapper(
             ^^^^^^^^^^^^^^^^^^^^^^^^^^^^
  File "/Users/oleg/Project_SKLAD/bot_backup_2025-12-03111/.venv/lib/python3.11/site-packages/telegram/request/_baserequest.py", line 305, in _request_wrapper
    code, payload = await self.do_request(
                    ^^^^^^^^^^^^^^^^^^^^^^
  File "/Users/oleg/Project_SKLAD/bot_backup_2025-12-03111/.venv/lib/python3.11/site-packages/telegram/request/_httpxrequest.py", line 303, in do_request
    raise NetworkError(f"httpx.{err.__class__.__name__}: {err}") from err
telegram.error.NetworkError: httpx.ConnectError: [Errno 8] nodename nor servname provided, or not known
2025-12-15 08:25:20,045 - modern_bot - ERROR - Update None caused error httpx.ConnectError: [Errno 8] nodename nor servname provided, or not known
Traceback (most recent call last):
  File "/Users/oleg/Project_SKLAD/bot_backup_2025-12-03111/.venv/lib/python3.11/site-packages/httpx/_transports/default.py", line 101, in map_httpcore_exceptions
    yield
  File "/Users/oleg/Project_SKLAD/bot_backup_2025-12-03111/.venv/lib/python3.11/site-packages/httpx/_transports/default.py", line 394, in handle_async_request
    resp = await self._pool.handle_async_request(req)
           ^^^^^^^^^^^^^^^^^^^^^^^^^^^^^^^^^^^^^^^^^^
  File "/Users/oleg/Project_SKLAD/bot_backup_2025-12-03111/.venv/lib/python3.11/site-packages/httpcore/_async/connection_pool.py", line 256, in handle_async_request
    raise exc from None
  File "/Users/oleg/Project_SKLAD/bot_backup_2025-12-03111/.venv/lib/python3.11/site-packages/httpcore/_async/connection_pool.py", line 236, in handle_async_request
    response = await connection.handle_async_request(
               ^^^^^^^^^^^^^^^^^^^^^^^^^^^^^^^^^^^^^^
  File "/Users/oleg/Project_SKLAD/bot_backup_2025-12-03111/.venv/lib/python3.11/site-packages/httpcore/_async/connection.py", line 101, in handle_async_request
    raise exc
  File "/Users/oleg/Project_SKLAD/bot_backup_2025-12-03111/.venv/lib/python3.11/site-packages/httpcore/_async/connection.py", line 78, in handle_async_request
    stream = await self._connect(request)
             ^^^^^^^^^^^^^^^^^^^^^^^^^^^^
  File "/Users/oleg/Project_SKLAD/bot_backup_2025-12-03111/.venv/lib/python3.11/site-packages/httpcore/_async/connection.py", line 124, in _connect
    stream = await self._network_backend.connect_tcp(**kwargs)
             ^^^^^^^^^^^^^^^^^^^^^^^^^^^^^^^^^^^^^^^^^^^^^^^^^
  File "/Users/oleg/Project_SKLAD/bot_backup_2025-12-03111/.venv/lib/python3.11/site-packages/httpcore/_backends/auto.py", line 31, in connect_tcp
    return await self._backend.connect_tcp(
           ^^^^^^^^^^^^^^^^^^^^^^^^^^^^^^^^
  File "/Users/oleg/Project_SKLAD/bot_backup_2025-12-03111/.venv/lib/python3.11/site-packages/httpcore/_backends/anyio.py", line 113, in connect_tcp
    with map_exceptions(exc_map):
  File "/opt/homebrew/Cellar/python@3.11/3.11.11/Frameworks/Python.framework/Versions/3.11/lib/python3.11/contextlib.py", line 158, in __exit__
    self.gen.throw(typ, value, traceback)
  File "/Users/oleg/Project_SKLAD/bot_backup_2025-12-03111/.venv/lib/python3.11/site-packages/httpcore/_exceptions.py", line 14, in map_exceptions
    raise to_exc(exc) from exc
httpcore.ConnectError: [Errno 8] nodename nor servname provided, or not known

The above exception was the direct cause of the following exception:

Traceback (most recent call last):
  File "/Users/oleg/Project_SKLAD/bot_backup_2025-12-03111/.venv/lib/python3.11/site-packages/telegram/request/_httpxrequest.py", line 279, in do_request
    res = await self._client.request(
          ^^^^^^^^^^^^^^^^^^^^^^^^^^^
  File "/Users/oleg/Project_SKLAD/bot_backup_2025-12-03111/.venv/lib/python3.11/site-packages/httpx/_client.py", line 1540, in request
    return await self.send(request, auth=auth, follow_redirects=follow_redirects)
           ^^^^^^^^^^^^^^^^^^^^^^^^^^^^^^^^^^^^^^^^^^^^^^^^^^^^^^^^^^^^^^^^^^^^^^
  File "/Users/oleg/Project_SKLAD/bot_backup_2025-12-03111/.venv/lib/python3.11/site-packages/httpx/_client.py", line 1629, in send
    response = await self._send_handling_auth(
               ^^^^^^^^^^^^^^^^^^^^^^^^^^^^^^^
  File "/Users/oleg/Project_SKLAD/bot_backup_2025-12-03111/.venv/lib/python3.11/site-packages/httpx/_client.py", line 1657, in _send_handling_auth
    response = await self._send_handling_redirects(
               ^^^^^^^^^^^^^^^^^^^^^^^^^^^^^^^^^^^^
  File "/Users/oleg/Project_SKLAD/bot_backup_2025-12-03111/.venv/lib/python3.11/site-packages/httpx/_client.py", line 1694, in _send_handling_redirects
    response = await self._send_single_request(request)
               ^^^^^^^^^^^^^^^^^^^^^^^^^^^^^^^^^^^^^^^^
  File "/Users/oleg/Project_SKLAD/bot_backup_2025-12-03111/.venv/lib/python3.11/site-packages/httpx/_client.py", line 1730, in _send_single_request
    response = await transport.handle_async_request(request)
               ^^^^^^^^^^^^^^^^^^^^^^^^^^^^^^^^^^^^^^^^^^^^^
  File "/Users/oleg/Project_SKLAD/bot_backup_2025-12-03111/.venv/lib/python3.11/site-packages/httpx/_transports/default.py", line 393, in handle_async_request
    with map_httpcore_exceptions():
  File "/opt/homebrew/Cellar/python@3.11/3.11.11/Frameworks/Python.framework/Versions/3.11/lib/python3.11/contextlib.py", line 158, in __exit__
    self.gen.throw(typ, value, traceback)
  File "/Users/oleg/Project_SKLAD/bot_backup_2025-12-03111/.venv/lib/python3.11/site-packages/httpx/_transports/default.py", line 118, in map_httpcore_exceptions
    raise mapped_exc(message) from exc
httpx.ConnectError: [Errno 8] nodename nor servname provided, or not known

The above exception was the direct cause of the following exception:

Traceback (most recent call last):
  File "/Users/oleg/Project_SKLAD/bot_backup_2025-12-03111/.venv/lib/python3.11/site-packages/telegram/ext/_utils/networkloop.py", line 134, in network_retry_loop
    await do_action()
  File "/Users/oleg/Project_SKLAD/bot_backup_2025-12-03111/.venv/lib/python3.11/site-packages/telegram/ext/_utils/networkloop.py", line 127, in do_action
    action_cb_task.result()
  File "/Users/oleg/Project_SKLAD/bot_backup_2025-12-03111/.venv/lib/python3.11/site-packages/telegram/ext/_updater.py", line 340, in polling_action_cb
    updates = await self.bot.get_updates(
              ^^^^^^^^^^^^^^^^^^^^^^^^^^^
  File "/Users/oleg/Project_SKLAD/bot_backup_2025-12-03111/.venv/lib/python3.11/site-packages/telegram/ext/_extbot.py", line 676, in get_updates
    updates = await super().get_updates(
              ^^^^^^^^^^^^^^^^^^^^^^^^^^
  File "/Users/oleg/Project_SKLAD/bot_backup_2025-12-03111/.venv/lib/python3.11/site-packages/telegram/_bot.py", line 4780, in get_updates
    await self._post(
  File "/Users/oleg/Project_SKLAD/bot_backup_2025-12-03111/.venv/lib/python3.11/site-packages/telegram/_bot.py", line 703, in _post
    return await self._do_post(
           ^^^^^^^^^^^^^^^^^^^^
  File "/Users/oleg/Project_SKLAD/bot_backup_2025-12-03111/.venv/lib/python3.11/site-packages/telegram/ext/_extbot.py", line 372, in _do_post
    return await super()._do_post(
           ^^^^^^^^^^^^^^^^^^^^^^^
  File "/Users/oleg/Project_SKLAD/bot_backup_2025-12-03111/.venv/lib/python3.11/site-packages/telegram/_bot.py", line 732, in _do_post
    result = await request.post(
             ^^^^^^^^^^^^^^^^^^^
  File "/Users/oleg/Project_SKLAD/bot_backup_2025-12-03111/.venv/lib/python3.11/site-packages/telegram/request/_baserequest.py", line 198, in post
    result = await self._request_wrapper(
             ^^^^^^^^^^^^^^^^^^^^^^^^^^^^
  File "/Users/oleg/Project_SKLAD/bot_backup_2025-12-03111/.venv/lib/python3.11/site-packages/telegram/request/_baserequest.py", line 305, in _request_wrapper
    code, payload = await self.do_request(
                    ^^^^^^^^^^^^^^^^^^^^^^
  File "/Users/oleg/Project_SKLAD/bot_backup_2025-12-03111/.venv/lib/python3.11/site-packages/telegram/request/_httpxrequest.py", line 303, in do_request
    raise NetworkError(f"httpx.{err.__class__.__name__}: {err}") from err
telegram.error.NetworkError: httpx.ConnectError: [Errno 8] nodename nor servname provided, or not known
2025-12-15 08:43:45,579 - modern_bot - ERROR - Update None caused error httpx.ConnectError: [Errno 8] nodename nor servname provided, or not known
Traceback (most recent call last):
  File "/Users/oleg/Project_SKLAD/bot_backup_2025-12-03111/.venv/lib/python3.11/site-packages/httpx/_transports/default.py", line 101, in map_httpcore_exceptions
    yield
  File "/Users/oleg/Project_SKLAD/bot_backup_2025-12-03111/.venv/lib/python3.11/site-packages/httpx/_transports/default.py", line 394, in handle_async_request
    resp = await self._pool.handle_async_request(req)
           ^^^^^^^^^^^^^^^^^^^^^^^^^^^^^^^^^^^^^^^^^^
  File "/Users/oleg/Project_SKLAD/bot_backup_2025-12-03111/.venv/lib/python3.11/site-packages/httpcore/_async/connection_pool.py", line 256, in handle_async_request
    raise exc from None
  File "/Users/oleg/Project_SKLAD/bot_backup_2025-12-03111/.venv/lib/python3.11/site-packages/httpcore/_async/connection_pool.py", line 236, in handle_async_request
    response = await connection.handle_async_request(
               ^^^^^^^^^^^^^^^^^^^^^^^^^^^^^^^^^^^^^^
  File "/Users/oleg/Project_SKLAD/bot_backup_2025-12-03111/.venv/lib/python3.11/site-packages/httpcore/_async/connection.py", line 101, in handle_async_request
    raise exc
  File "/Users/oleg/Project_SKLAD/bot_backup_2025-12-03111/.venv/lib/python3.11/site-packages/httpcore/_async/connection.py", line 78, in handle_async_request
    stream = await self._connect(request)
             ^^^^^^^^^^^^^^^^^^^^^^^^^^^^
  File "/Users/oleg/Project_SKLAD/bot_backup_2025-12-03111/.venv/lib/python3.11/site-packages/httpcore/_async/connection.py", line 124, in _connect
    stream = await self._network_backend.connect_tcp(**kwargs)
             ^^^^^^^^^^^^^^^^^^^^^^^^^^^^^^^^^^^^^^^^^^^^^^^^^
  File "/Users/oleg/Project_SKLAD/bot_backup_2025-12-03111/.venv/lib/python3.11/site-packages/httpcore/_backends/auto.py", line 31, in connect_tcp
    return await self._backend.connect_tcp(
           ^^^^^^^^^^^^^^^^^^^^^^^^^^^^^^^^
  File "/Users/oleg/Project_SKLAD/bot_backup_2025-12-03111/.venv/lib/python3.11/site-packages/httpcore/_backends/anyio.py", line 113, in connect_tcp
    with map_exceptions(exc_map):
  File "/opt/homebrew/Cellar/python@3.11/3.11.11/Frameworks/Python.framework/Versions/3.11/lib/python3.11/contextlib.py", line 158, in __exit__
    self.gen.throw(typ, value, traceback)
  File "/Users/oleg/Project_SKLAD/bot_backup_2025-12-03111/.venv/lib/python3.11/site-packages/httpcore/_exceptions.py", line 14, in map_exceptions
    raise to_exc(exc) from exc
httpcore.ConnectError: [Errno 8] nodename nor servname provided, or not known

The above exception was the direct cause of the following exception:

Traceback (most recent call last):
  File "/Users/oleg/Project_SKLAD/bot_backup_2025-12-03111/.venv/lib/python3.11/site-packages/telegram/request/_httpxrequest.py", line 279, in do_request
    res = await self._client.request(
          ^^^^^^^^^^^^^^^^^^^^^^^^^^^
  File "/Users/oleg/Project_SKLAD/bot_backup_2025-12-03111/.venv/lib/python3.11/site-packages/httpx/_client.py", line 1540, in request
    return await self.send(request, auth=auth, follow_redirects=follow_redirects)
           ^^^^^^^^^^^^^^^^^^^^^^^^^^^^^^^^^^^^^^^^^^^^^^^^^^^^^^^^^^^^^^^^^^^^^^
  File "/Users/oleg/Project_SKLAD/bot_backup_2025-12-03111/.venv/lib/python3.11/site-packages/httpx/_client.py", line 1629, in send
    response = await self._send_handling_auth(
               ^^^^^^^^^^^^^^^^^^^^^^^^^^^^^^^
  File "/Users/oleg/Project_SKLAD/bot_backup_2025-12-03111/.venv/lib/python3.11/site-packages/httpx/_client.py", line 1657, in _send_handling_auth
    response = await self._send_handling_redirects(
               ^^^^^^^^^^^^^^^^^^^^^^^^^^^^^^^^^^^^
  File "/Users/oleg/Project_SKLAD/bot_backup_2025-12-03111/.venv/lib/python3.11/site-packages/httpx/_client.py", line 1694, in _send_handling_redirects
    response = await self._send_single_request(request)
               ^^^^^^^^^^^^^^^^^^^^^^^^^^^^^^^^^^^^^^^^
  File "/Users/oleg/Project_SKLAD/bot_backup_2025-12-03111/.venv/lib/python3.11/site-packages/httpx/_client.py", line 1730, in _send_single_request
    response = await transport.handle_async_request(request)
               ^^^^^^^^^^^^^^^^^^^^^^^^^^^^^^^^^^^^^^^^^^^^^
  File "/Users/oleg/Project_SKLAD/bot_backup_2025-12-03111/.venv/lib/python3.11/site-packages/httpx/_transports/default.py", line 393, in handle_async_request
    with map_httpcore_exceptions():
  File "/opt/homebrew/Cellar/python@3.11/3.11.11/Frameworks/Python.framework/Versions/3.11/lib/python3.11/contextlib.py", line 158, in __exit__
    self.gen.throw(typ, value, traceback)
  File "/Users/oleg/Project_SKLAD/bot_backup_2025-12-03111/.venv/lib/python3.11/site-packages/httpx/_transports/default.py", line 118, in map_httpcore_exceptions
    raise mapped_exc(message) from exc
httpx.ConnectError: [Errno 8] nodename nor servname provided, or not known

The above exception was the direct cause of the following exception:

Traceback (most recent call last):
  File "/Users/oleg/Project_SKLAD/bot_backup_2025-12-03111/.venv/lib/python3.11/site-packages/telegram/ext/_utils/networkloop.py", line 134, in network_retry_loop
    await do_action()
  File "/Users/oleg/Project_SKLAD/bot_backup_2025-12-03111/.venv/lib/python3.11/site-packages/telegram/ext/_utils/networkloop.py", line 127, in do_action
    action_cb_task.result()
  File "/Users/oleg/Project_SKLAD/bot_backup_2025-12-03111/.venv/lib/python3.11/site-packages/telegram/ext/_updater.py", line 340, in polling_action_cb
    updates = await self.bot.get_updates(
              ^^^^^^^^^^^^^^^^^^^^^^^^^^^
  File "/Users/oleg/Project_SKLAD/bot_backup_2025-12-03111/.venv/lib/python3.11/site-packages/telegram/ext/_extbot.py", line 676, in get_updates
    updates = await super().get_updates(
              ^^^^^^^^^^^^^^^^^^^^^^^^^^
  File "/Users/oleg/Project_SKLAD/bot_backup_2025-12-03111/.venv/lib/python3.11/site-packages/telegram/_bot.py", line 4780, in get_updates
    await self._post(
  File "/Users/oleg/Project_SKLAD/bot_backup_2025-12-03111/.venv/lib/python3.11/site-packages/telegram/_bot.py", line 703, in _post
    return await self._do_post(
           ^^^^^^^^^^^^^^^^^^^^
  File "/Users/oleg/Project_SKLAD/bot_backup_2025-12-03111/.venv/lib/python3.11/site-packages/telegram/ext/_extbot.py", line 372, in _do_post
    return await super()._do_post(
           ^^^^^^^^^^^^^^^^^^^^^^^
  File "/Users/oleg/Project_SKLAD/bot_backup_2025-12-03111/.venv/lib/python3.11/site-packages/telegram/_bot.py", line 732, in _do_post
    result = await request.post(
             ^^^^^^^^^^^^^^^^^^^
  File "/Users/oleg/Project_SKLAD/bot_backup_2025-12-03111/.venv/lib/python3.11/site-packages/telegram/request/_baserequest.py", line 198, in post
    result = await self._request_wrapper(
             ^^^^^^^^^^^^^^^^^^^^^^^^^^^^
  File "/Users/oleg/Project_SKLAD/bot_backup_2025-12-03111/.venv/lib/python3.11/site-packages/telegram/request/_baserequest.py", line 305, in _request_wrapper
    code, payload = await self.do_request(
                    ^^^^^^^^^^^^^^^^^^^^^^
  File "/Users/oleg/Project_SKLAD/bot_backup_2025-12-03111/.venv/lib/python3.11/site-packages/telegram/request/_httpxrequest.py", line 303, in do_request
    raise NetworkError(f"httpx.{err.__class__.__name__}: {err}") from err
telegram.error.NetworkError: httpx.ConnectError: [Errno 8] nodename nor servname provided, or not known
2025-12-15 08:59:38,568 - modern_bot - ERROR - Update None caused error httpx.ConnectError: [Errno 8] nodename nor servname provided, or not known
Traceback (most recent call last):
  File "/Users/oleg/Project_SKLAD/bot_backup_2025-12-03111/.venv/lib/python3.11/site-packages/httpx/_transports/default.py", line 101, in map_httpcore_exceptions
    yield
  File "/Users/oleg/Project_SKLAD/bot_backup_2025-12-03111/.venv/lib/python3.11/site-packages/httpx/_transports/default.py", line 394, in handle_async_request
    resp = await self._pool.handle_async_request(req)
           ^^^^^^^^^^^^^^^^^^^^^^^^^^^^^^^^^^^^^^^^^^
  File "/Users/oleg/Project_SKLAD/bot_backup_2025-12-03111/.venv/lib/python3.11/site-packages/httpcore/_async/connection_pool.py", line 256, in handle_async_request
    raise exc from None
  File "/Users/oleg/Project_SKLAD/bot_backup_2025-12-03111/.venv/lib/python3.11/site-packages/httpcore/_async/connection_pool.py", line 236, in handle_async_request
    response = await connection.handle_async_request(
               ^^^^^^^^^^^^^^^^^^^^^^^^^^^^^^^^^^^^^^
  File "/Users/oleg/Project_SKLAD/bot_backup_2025-12-03111/.venv/lib/python3.11/site-packages/httpcore/_async/connection.py", line 101, in handle_async_request
    raise exc
  File "/Users/oleg/Project_SKLAD/bot_backup_2025-12-03111/.venv/lib/python3.11/site-packages/httpcore/_async/connection.py", line 78, in handle_async_request
    stream = await self._connect(request)
             ^^^^^^^^^^^^^^^^^^^^^^^^^^^^
  File "/Users/oleg/Project_SKLAD/bot_backup_2025-12-03111/.venv/lib/python3.11/site-packages/httpcore/_async/connection.py", line 124, in _connect
    stream = await self._network_backend.connect_tcp(**kwargs)
             ^^^^^^^^^^^^^^^^^^^^^^^^^^^^^^^^^^^^^^^^^^^^^^^^^
  File "/Users/oleg/Project_SKLAD/bot_backup_2025-12-03111/.venv/lib/python3.11/site-packages/httpcore/_backends/auto.py", line 31, in connect_tcp
    return await self._backend.connect_tcp(
           ^^^^^^^^^^^^^^^^^^^^^^^^^^^^^^^^
  File "/Users/oleg/Project_SKLAD/bot_backup_2025-12-03111/.venv/lib/python3.11/site-packages/httpcore/_backends/anyio.py", line 113, in connect_tcp
    with map_exceptions(exc_map):
  File "/opt/homebrew/Cellar/python@3.11/3.11.11/Frameworks/Python.framework/Versions/3.11/lib/python3.11/contextlib.py", line 158, in __exit__
    self.gen.throw(typ, value, traceback)
  File "/Users/oleg/Project_SKLAD/bot_backup_2025-12-03111/.venv/lib/python3.11/site-packages/httpcore/_exceptions.py", line 14, in map_exceptions
    raise to_exc(exc) from exc
httpcore.ConnectError: [Errno 8] nodename nor servname provided, or not known

The above exception was the direct cause of the following exception:

Traceback (most recent call last):
  File "/Users/oleg/Project_SKLAD/bot_backup_2025-12-03111/.venv/lib/python3.11/site-packages/telegram/request/_httpxrequest.py", line 279, in do_request
    res = await self._client.request(
          ^^^^^^^^^^^^^^^^^^^^^^^^^^^
  File "/Users/oleg/Project_SKLAD/bot_backup_2025-12-03111/.venv/lib/python3.11/site-packages/httpx/_client.py", line 1540, in request
    return await self.send(request, auth=auth, follow_redirects=follow_redirects)
           ^^^^^^^^^^^^^^^^^^^^^^^^^^^^^^^^^^^^^^^^^^^^^^^^^^^^^^^^^^^^^^^^^^^^^^
  File "/Users/oleg/Project_SKLAD/bot_backup_2025-12-03111/.venv/lib/python3.11/site-packages/httpx/_client.py", line 1629, in send
    response = await self._send_handling_auth(
               ^^^^^^^^^^^^^^^^^^^^^^^^^^^^^^^
  File "/Users/oleg/Project_SKLAD/bot_backup_2025-12-03111/.venv/lib/python3.11/site-packages/httpx/_client.py", line 1657, in _send_handling_auth
    response = await self._send_handling_redirects(
               ^^^^^^^^^^^^^^^^^^^^^^^^^^^^^^^^^^^^
  File "/Users/oleg/Project_SKLAD/bot_backup_2025-12-03111/.venv/lib/python3.11/site-packages/httpx/_client.py", line 1694, in _send_handling_redirects
    response = await self._send_single_request(request)
               ^^^^^^^^^^^^^^^^^^^^^^^^^^^^^^^^^^^^^^^^
  File "/Users/oleg/Project_SKLAD/bot_backup_2025-12-03111/.venv/lib/python3.11/site-packages/httpx/_client.py", line 1730, in _send_single_request
    response = await transport.handle_async_request(request)
               ^^^^^^^^^^^^^^^^^^^^^^^^^^^^^^^^^^^^^^^^^^^^^
  File "/Users/oleg/Project_SKLAD/bot_backup_2025-12-03111/.venv/lib/python3.11/site-packages/httpx/_transports/default.py", line 393, in handle_async_request
    with map_httpcore_exceptions():
  File "/opt/homebrew/Cellar/python@3.11/3.11.11/Frameworks/Python.framework/Versions/3.11/lib/python3.11/contextlib.py", line 158, in __exit__
    self.gen.throw(typ, value, traceback)
  File "/Users/oleg/Project_SKLAD/bot_backup_2025-12-03111/.venv/lib/python3.11/site-packages/httpx/_transports/default.py", line 118, in map_httpcore_exceptions
    raise mapped_exc(message) from exc
httpx.ConnectError: [Errno 8] nodename nor servname provided, or not known

The above exception was the direct cause of the following exception:

Traceback (most recent call last):
  File "/Users/oleg/Project_SKLAD/bot_backup_2025-12-03111/.venv/lib/python3.11/site-packages/telegram/ext/_utils/networkloop.py", line 134, in network_retry_loop
    await do_action()
  File "/Users/oleg/Project_SKLAD/bot_backup_2025-12-03111/.venv/lib/python3.11/site-packages/telegram/ext/_utils/networkloop.py", line 127, in do_action
    action_cb_task.result()
  File "/Users/oleg/Project_SKLAD/bot_backup_2025-12-03111/.venv/lib/python3.11/site-packages/telegram/ext/_updater.py", line 340, in polling_action_cb
    updates = await self.bot.get_updates(
              ^^^^^^^^^^^^^^^^^^^^^^^^^^^
  File "/Users/oleg/Project_SKLAD/bot_backup_2025-12-03111/.venv/lib/python3.11/site-packages/telegram/ext/_extbot.py", line 676, in get_updates
    updates = await super().get_updates(
              ^^^^^^^^^^^^^^^^^^^^^^^^^^
  File "/Users/oleg/Project_SKLAD/bot_backup_2025-12-03111/.venv/lib/python3.11/site-packages/telegram/_bot.py", line 4780, in get_updates
    await self._post(
  File "/Users/oleg/Project_SKLAD/bot_backup_2025-12-03111/.venv/lib/python3.11/site-packages/telegram/_bot.py", line 703, in _post
    return await self._do_post(
           ^^^^^^^^^^^^^^^^^^^^
  File "/Users/oleg/Project_SKLAD/bot_backup_2025-12-03111/.venv/lib/python3.11/site-packages/telegram/ext/_extbot.py", line 372, in _do_post
    return await super()._do_post(
           ^^^^^^^^^^^^^^^^^^^^^^^
  File "/Users/oleg/Project_SKLAD/bot_backup_2025-12-03111/.venv/lib/python3.11/site-packages/telegram/_bot.py", line 732, in _do_post
    result = await request.post(
             ^^^^^^^^^^^^^^^^^^^
  File "/Users/oleg/Project_SKLAD/bot_backup_2025-12-03111/.venv/lib/python3.11/site-packages/telegram/request/_baserequest.py", line 198, in post
    result = await self._request_wrapper(
             ^^^^^^^^^^^^^^^^^^^^^^^^^^^^
  File "/Users/oleg/Project_SKLAD/bot_backup_2025-12-03111/.venv/lib/python3.11/site-packages/telegram/request/_baserequest.py", line 305, in _request_wrapper
    code, payload = await self.do_request(
                    ^^^^^^^^^^^^^^^^^^^^^^
  File "/Users/oleg/Project_SKLAD/bot_backup_2025-12-03111/.venv/lib/python3.11/site-packages/telegram/request/_httpxrequest.py", line 303, in do_request
    raise NetworkError(f"httpx.{err.__class__.__name__}: {err}") from err
telegram.error.NetworkError: httpx.ConnectError: [Errno 8] nodename nor servname provided, or not known
2025-12-15 09:53:06,443 - modern_bot.handlers.commands - INFO -  User ID: 649764051 | Name:  | Is Admin: False
2025-12-15 09:53:30,466 - modern_bot.handlers.conversation - INFO - Processing 1 items with photos from Web App
2025-12-15 09:53:30,476 - modern_bot.handlers.conversation - INFO - Item 1/1: photo_url=https://i.ibb.co/HTYsf3cn/image.jpg..., description=, evaluation=1
2025-12-15 09:53:30,476 - modern_bot.handlers.conversation - INFO - Downloading photo from https://i.ibb.co/HTYsf3cn/image.jpg (Attempt 1/3)
2025-12-15 09:53:31,162 - modern_bot.handlers.conversation - INFO - Photo saved successfully, size: 349148 bytes
2025-12-15 09:53:31,163 - modern_bot.handlers.conversation - INFO - Added photo entry to db_data: {'photo': '/Users/oleg/Project_SKLAD/bot_backup_2025-12-03111/photos/P0jv7IqyJAH3uZkA.jpg', 'description': '', 'evaluation': '1'}
2025-12-15 09:53:31,388 - modern_bot.services.docx_gen - INFO - Populating table with 1 photo entries
2025-12-15 09:53:31,389 - modern_bot.services.docx_gen - INFO - Processing item 1: photo_path=/Users/oleg/Project_SKLAD/bot_backup_2025-12-03111/photos/P0jv7IqyJAH3uZkA.jpg, exists=True
2025-12-15 09:53:31,389 - modern_bot.services.docx_gen - INFO - Adding photo to document: /Users/oleg/Project_SKLAD/bot_backup_2025-12-03111/photos/P0jv7IqyJAH3uZkA.jpg
2025-12-15 09:53:31,391 - modern_bot.services.docx_gen - INFO - Photo added successfully
2025-12-15 09:53:31,412 - modern_bot.services.docx_gen - INFO - Document saved: /Users/oleg/Project_SKLAD/bot_backup_2025-12-03111/documents/385,    1 ( 11111111111), -,  15.12.2025 09-53-31.docx
2025-12-15 10:12:16,572 - modern_bot.database.db - INFO - Database connection closed.
2025-12-15 10:12:16,586 - modern_bot - INFO - Bot started.
2025-12-15 10:12:21,606 - modern_bot - INFO - Bot started.
2025-12-15 10:12:26,623 - modern_bot - INFO - Bot started.
2025-12-15 10:12:31,638 - modern_bot - INFO - Bot started.
2025-12-15 10:12:36,659 - modern_bot - INFO - Bot started.
2025-12-15 10:12:41,679 - modern_bot - INFO - Bot started.
2025-12-15 10:12:46,700 - modern_bot - INFO - Bot started.
2025-12-15 10:12:51,722 - modern_bot - INFO - Bot started.
